<?xml version="1.0" encoding="UTF-8"?>
<testng-results ignored="0" total="2" passed="2" failed="0" skipped="0">
  <reporter-output>
  </reporter-output>
  <suite started-at="2022-09-01T22:09:36 IST" name="Suite" finished-at="2022-09-01T22:11:00 IST" duration-ms="84038">
    <groups>
    </groups>
    <test started-at="2022-09-01T22:09:36 IST" name="VerificationTest" finished-at="2022-09-01T22:10:30 IST" duration-ms="53361">
      <class name="tests.VerificationTest">
        <test-method is-config="true" signature="openApplication()[pri:0, instance:tests.VerificationTest@1613674b]" started-at="2022-09-01T22:09:36 IST" name="openApplication" finished-at="2022-09-01T22:10:27 IST" duration-ms="50626" status="PASS">
          <reporter-output>
          </reporter-output>
        </test-method> <!-- openApplication -->
        <test-method signature="verification()[pri:0, instance:tests.VerificationTest@1613674b]" started-at="2022-09-01T22:10:27 IST" name="verification" finished-at="2022-09-01T22:10:27 IST" duration-ms="95" status="PASS">
          <reporter-output>
          </reporter-output>
        </test-method> <!-- verification -->
        <test-method is-config="true" signature="closeBrowser()[pri:0, instance:tests.VerificationTest@1613674b]" started-at="2022-09-01T22:10:27 IST" name="closeBrowser" finished-at="2022-09-01T22:10:30 IST" duration-ms="2567" status="PASS">
          <reporter-output>
          </reporter-output>
        </test-method> <!-- closeBrowser -->
      </class> <!-- tests.VerificationTest -->
    </test> <!-- VerificationTest -->
    <test started-at="2022-09-01T22:09:36 IST" name="ClickOnCollectionLink" finished-at="2022-09-01T22:11:00 IST" duration-ms="84038">
      <class name="tests.ClickOnCollectionLick">
        <test-method is-config="true" signature="openApplication()[pri:0, instance:tests.ClickOnCollectionLick@28f3b248]" started-at="2022-09-01T22:09:36 IST" name="openApplication" finished-at="2022-09-01T22:10:19 IST" duration-ms="42301" status="PASS">
          <reporter-output>
          </reporter-output>
        </test-method> <!-- openApplication -->
        <test-method signature="ClickOnCollectionLickTest()[pri:0, instance:tests.ClickOnCollectionLick@28f3b248]" started-at="2022-09-01T22:10:19 IST" name="ClickOnCollectionLickTest" finished-at="2022-09-01T22:11:00 IST" duration-ms="41491" status="PASS">
          <reporter-output>
          </reporter-output>
        </test-method> <!-- ClickOnCollectionLickTest -->
        <test-method is-config="true" signature="closeBrowser()[pri:0, instance:tests.ClickOnCollectionLick@28f3b248]" started-at="2022-09-01T22:11:00 IST" name="closeBrowser" finished-at="2022-09-01T22:11:00 IST" duration-ms="173" status="PASS">
          <reporter-output>
          </reporter-output>
        </test-method> <!-- closeBrowser -->
      </class> <!-- tests.ClickOnCollectionLick -->
    </test> <!-- ClickOnCollectionLink -->
  </suite> <!-- Suite -->
</testng-results>
