<?xml version="1.0" encoding="UTF-8"?>
<testng-results ignored="0" total="2" passed="2" failed="0" skipped="0">
  <reporter-output>
  </reporter-output>
  <suite started-at="2022-09-02T19:49:08 IST" name="Suite" finished-at="2022-09-02T19:49:49 IST" duration-ms="41519">
    <groups>
    </groups>
    <test started-at="2022-09-02T19:49:08 IST" name="SignInTest" finished-at="2022-09-02T19:49:39 IST" duration-ms="31164">
      <class name="tests.SignInTest">
        <test-method is-config="true" signature="openApplication()[pri:0, instance:tests.SignInTest@4d5b6aac]" started-at="2022-09-02T19:49:08 IST" name="openApplication" finished-at="2022-09-02T19:49:33 IST" duration-ms="25114" status="PASS">
          <reporter-output>
          </reporter-output>
        </test-method> <!-- openApplication -->
        <test-method signature="clickOnSignIn(java.lang.String, java.lang.String, java.lang.String)[pri:0, instance:tests.SignInTest@4d5b6aac]" started-at="2022-09-02T19:49:33 IST" name="clickOnSignIn" data-provider="getSignIn" finished-at="2022-09-02T19:49:36 IST" duration-ms="3193" status="PASS">
          <params>
            <param index="0">
              <value>
                <![CDATA[sajid.shekh@rugartisan.com]]>
              </value>
            </param>
            <param index="1">
              <value>
                <![CDATA[Sajid01$]]>
              </value>
            </param>
            <param index="2">
              <value>
                <![CDATA[Successfull]]>
              </value>
            </param>
          </params>
          <reporter-output>
          </reporter-output>
        </test-method> <!-- clickOnSignIn -->
        <test-method is-config="true" signature="closeBrowser()[pri:0, instance:tests.SignInTest@4d5b6aac]" started-at="2022-09-02T19:49:36 IST" name="closeBrowser" finished-at="2022-09-02T19:49:39 IST" duration-ms="2798" status="PASS">
          <reporter-output>
          </reporter-output>
        </test-method> <!-- closeBrowser -->
      </class> <!-- tests.SignInTest -->
    </test> <!-- SignInTest -->
    <test started-at="2022-09-02T19:49:08 IST" name="ClickOnCollectionLink" finished-at="2022-09-02T19:49:49 IST" duration-ms="41519">
      <class name="tests.ClickOnCollectionLick">
        <test-method is-config="true" signature="openApplication()[pri:0, instance:tests.ClickOnCollectionLick@28f3b248]" started-at="2022-09-02T19:49:08 IST" name="openApplication" finished-at="2022-09-02T19:49:32 IST" duration-ms="24722" status="PASS">
          <reporter-output>
          </reporter-output>
        </test-method> <!-- openApplication -->
        <test-method signature="ClickOnCollectionLickTest()[pri:0, instance:tests.ClickOnCollectionLick@28f3b248]" started-at="2022-09-02T19:49:32 IST" name="ClickOnCollectionLickTest" finished-at="2022-09-02T19:49:46 IST" duration-ms="14178" status="PASS">
          <reporter-output>
          </reporter-output>
        </test-method> <!-- ClickOnCollectionLickTest -->
        <test-method is-config="true" signature="closeBrowser()[pri:0, instance:tests.ClickOnCollectionLick@28f3b248]" started-at="2022-09-02T19:49:46 IST" name="closeBrowser" finished-at="2022-09-02T19:49:49 IST" duration-ms="2558" status="PASS">
          <reporter-output>
          </reporter-output>
        </test-method> <!-- closeBrowser -->
      </class> <!-- tests.ClickOnCollectionLick -->
    </test> <!-- ClickOnCollectionLink -->
  </suite> <!-- Suite -->
</testng-results>
