<?xml version="1.0" encoding="UTF-8"?>
<testng-results ignored="0" total="3" passed="3" failed="0" skipped="0">
  <reporter-output>
  </reporter-output>
  <suite started-at="2022-09-01T20:01:02 IST" name="Suite" finished-at="2022-09-01T20:02:09 IST" duration-ms="67616">
    <groups>
    </groups>
    <test started-at="2022-09-01T20:01:02 IST" name="VerificationTest" finished-at="2022-09-01T20:01:43 IST" duration-ms="41766">
      <class name="tests.VerificationTest">
        <test-method is-config="true" signature="openApplication()[pri:0, instance:tests.VerificationTest@18d87d80]" started-at="2022-09-01T20:01:02 IST" name="openApplication" finished-at="2022-09-01T20:01:42 IST" duration-ms="40326" status="PASS">
          <reporter-output>
          </reporter-output>
        </test-method> <!-- openApplication -->
        <test-method signature="verification()[pri:0, instance:tests.VerificationTest@18d87d80]" started-at="2022-09-01T20:01:42 IST" name="verification" finished-at="2022-09-01T20:01:42 IST" duration-ms="198" status="PASS">
          <reporter-output>
          </reporter-output>
        </test-method> <!-- verification -->
        <test-method is-config="true" signature="closeBrowser()[pri:0, instance:tests.VerificationTest@18d87d80]" started-at="2022-09-01T20:01:42 IST" name="closeBrowser" finished-at="2022-09-01T20:01:43 IST" duration-ms="1158" status="PASS">
          <reporter-output>
          </reporter-output>
        </test-method> <!-- closeBrowser -->
      </class> <!-- tests.VerificationTest -->
    </test> <!-- VerificationTest -->
    <test started-at="2022-09-01T20:01:02 IST" name="SignInTest" finished-at="2022-09-01T20:01:48 IST" duration-ms="46844">
      <class name="tests.SignInTest">
        <test-method is-config="true" signature="openApplication()[pri:0, instance:tests.SignInTest@6574a52c]" started-at="2022-09-01T20:01:02 IST" name="openApplication" finished-at="2022-09-01T20:01:42 IST" duration-ms="40244" status="PASS">
          <reporter-output>
          </reporter-output>
        </test-method> <!-- openApplication -->
        <test-method signature="clickOnSignIn(java.lang.String,java.lang.String,java.lang.String)[pri:0, instance:tests.SignInTest@6574a52c]" started-at="2022-09-01T20:01:42 IST" name="clickOnSignIn" data-provider="getSignIn" finished-at="2022-09-01T20:01:46 IST" duration-ms="3783" status="PASS">
          <params>
            <param index="0">
              <value>
                <![CDATA[sajid.shekh@rugartisan.com]]>
              </value>
            </param>
            <param index="1">
              <value>
                <![CDATA[Sajid01$]]>
              </value>
            </param>
            <param index="2">
              <value>
                <![CDATA[Successfull]]>
              </value>
            </param>
          </params>
          <reporter-output>
          </reporter-output>
        </test-method> <!-- clickOnSignIn -->
        <test-method is-config="true" signature="closeBrowser()[pri:0, instance:tests.SignInTest@6574a52c]" started-at="2022-09-01T20:01:46 IST" name="closeBrowser" finished-at="2022-09-01T20:01:48 IST" duration-ms="2741" status="PASS">
          <reporter-output>
          </reporter-output>
        </test-method> <!-- closeBrowser -->
      </class> <!-- tests.SignInTest -->
    </test> <!-- SignInTest -->
    <test started-at="2022-09-01T20:01:02 IST" name="ClickOnCollectionLink" finished-at="2022-09-01T20:02:09 IST" duration-ms="67616">
      <class name="tests.ClickOnCollectionLick">
        <test-method is-config="true" signature="openApplication()[pri:0, instance:tests.ClickOnCollectionLick@1a6d8329]" started-at="2022-09-01T20:01:02 IST" name="openApplication" finished-at="2022-09-01T20:01:40 IST" duration-ms="38465" status="PASS">
          <reporter-output>
          </reporter-output>
        </test-method> <!-- openApplication -->
        <test-method signature="ClickOnCollectionLickTest()[pri:0, instance:tests.ClickOnCollectionLick@1a6d8329]" started-at="2022-09-01T20:01:40 IST" name="ClickOnCollectionLickTest" finished-at="2022-09-01T20:02:07 IST" duration-ms="26551" status="PASS">
          <reporter-output>
          </reporter-output>
        </test-method> <!-- ClickOnCollectionLickTest -->
        <test-method is-config="true" signature="closeBrowser()[pri:0, instance:tests.ClickOnCollectionLick@1a6d8329]" started-at="2022-09-01T20:02:07 IST" name="closeBrowser" finished-at="2022-09-01T20:02:09 IST" duration-ms="2521" status="PASS">
          <reporter-output>
          </reporter-output>
        </test-method> <!-- closeBrowser -->
      </class> <!-- tests.ClickOnCollectionLick -->
    </test> <!-- ClickOnCollectionLink -->
  </suite> <!-- Suite -->
</testng-results>
